Started GET "/" for 172.23.0.1 at 2017-01-29 02:03:40 +0000
Processing by Rails::WelcomeController#index as HTML
  Parameters: {"internal"=>true}
  Rendering /usr/local/bundle/gems/railties-5.0.1/lib/rails/templates/rails/welcome/index.html.erb
  Rendered /usr/local/bundle/gems/railties-5.0.1/lib/rails/templates/rails/welcome/index.html.erb (11.1ms)
Completed 200 OK in 44ms (Views: 39.0ms)


Started GET "/favicon.ico" for 172.23.0.1 at 2017-01-29 02:03:40 +0000
  
ActionController::RoutingError (No route matches [GET] "/favicon.ico"):
  
actionpack (5.0.1) lib/action_dispatch/middleware/debug_exceptions.rb:53:in `call'
actionpack (5.0.1) lib/action_dispatch/middleware/show_exceptions.rb:31:in `call'
railties (5.0.1) lib/rails/rack/logger.rb:36:in `call_app'
railties (5.0.1) lib/rails/rack/logger.rb:24:in `block in call'
activesupport (5.0.1) lib/active_support/tagged_logging.rb:69:in `block in tagged'
activesupport (5.0.1) lib/active_support/tagged_logging.rb:26:in `tagged'
activesupport (5.0.1) lib/active_support/tagged_logging.rb:69:in `tagged'
railties (5.0.1) lib/rails/rack/logger.rb:24:in `call'
actionpack (5.0.1) lib/action_dispatch/middleware/request_id.rb:24:in `call'
rack (2.0.1) lib/rack/runtime.rb:22:in `call'
activesupport (5.0.1) lib/active_support/cache/strategy/local_cache_middleware.rb:28:in `call'
actionpack (5.0.1) lib/action_dispatch/middleware/executor.rb:12:in `call'
actionpack (5.0.1) lib/action_dispatch/middleware/static.rb:136:in `call'
rack (2.0.1) lib/rack/sendfile.rb:111:in `call'
railties (5.0.1) lib/rails/engine.rb:522:in `call'
puma (3.6.2) lib/puma/configuration.rb:225:in `call'
puma (3.6.2) lib/puma/server.rb:578:in `handle_request'
puma (3.6.2) lib/puma/server.rb:415:in `process_client'
puma (3.6.2) lib/puma/server.rb:275:in `block in run'
puma (3.6.2) lib/puma/thread_pool.rb:116:in `block in spawn_thread'
Started GET "/" for 172.23.0.1 at 2017-01-29 02:13:00 +0000
Processing by Rails::WelcomeController#index as HTML
  Parameters: {"internal"=>true}
  Rendering /usr/local/bundle/gems/railties-5.0.1/lib/rails/templates/rails/welcome/index.html.erb
  Rendered /usr/local/bundle/gems/railties-5.0.1/lib/rails/templates/rails/welcome/index.html.erb (5.6ms)
Completed 200 OK in 9ms (Views: 8.4ms)


Started GET "/masters/" for 172.23.0.1 at 2017-01-29 02:24:00 +0000
  
ActionController::RoutingError (No route matches [GET] "/masters"):
  
actionpack (5.0.1) lib/action_dispatch/middleware/debug_exceptions.rb:53:in `call'
actionpack (5.0.1) lib/action_dispatch/middleware/show_exceptions.rb:31:in `call'
railties (5.0.1) lib/rails/rack/logger.rb:36:in `call_app'
railties (5.0.1) lib/rails/rack/logger.rb:24:in `block in call'
activesupport (5.0.1) lib/active_support/tagged_logging.rb:69:in `block in tagged'
activesupport (5.0.1) lib/active_support/tagged_logging.rb:26:in `tagged'
activesupport (5.0.1) lib/active_support/tagged_logging.rb:69:in `tagged'
railties (5.0.1) lib/rails/rack/logger.rb:24:in `call'
actionpack (5.0.1) lib/action_dispatch/middleware/request_id.rb:24:in `call'
rack (2.0.1) lib/rack/runtime.rb:22:in `call'
activesupport (5.0.1) lib/active_support/cache/strategy/local_cache_middleware.rb:28:in `call'
actionpack (5.0.1) lib/action_dispatch/middleware/executor.rb:12:in `call'
actionpack (5.0.1) lib/action_dispatch/middleware/static.rb:136:in `call'
rack (2.0.1) lib/rack/sendfile.rb:111:in `call'
railties (5.0.1) lib/rails/engine.rb:522:in `call'
puma (3.6.2) lib/puma/configuration.rb:225:in `call'
puma (3.6.2) lib/puma/server.rb:578:in `handle_request'
puma (3.6.2) lib/puma/server.rb:415:in `process_client'
puma (3.6.2) lib/puma/server.rb:275:in `block in run'
puma (3.6.2) lib/puma/thread_pool.rb:116:in `block in spawn_thread'
Started GET "/masters/index" for 172.23.0.1 at 2017-01-29 02:24:09 +0000
  
ActionController::RoutingError (No route matches [GET] "/masters/index"):
  
actionpack (5.0.1) lib/action_dispatch/middleware/debug_exceptions.rb:53:in `call'
actionpack (5.0.1) lib/action_dispatch/middleware/show_exceptions.rb:31:in `call'
railties (5.0.1) lib/rails/rack/logger.rb:36:in `call_app'
railties (5.0.1) lib/rails/rack/logger.rb:24:in `block in call'
activesupport (5.0.1) lib/active_support/tagged_logging.rb:69:in `block in tagged'
activesupport (5.0.1) lib/active_support/tagged_logging.rb:26:in `tagged'
activesupport (5.0.1) lib/active_support/tagged_logging.rb:69:in `tagged'
railties (5.0.1) lib/rails/rack/logger.rb:24:in `call'
actionpack (5.0.1) lib/action_dispatch/middleware/request_id.rb:24:in `call'
rack (2.0.1) lib/rack/runtime.rb:22:in `call'
activesupport (5.0.1) lib/active_support/cache/strategy/local_cache_middleware.rb:28:in `call'
actionpack (5.0.1) lib/action_dispatch/middleware/executor.rb:12:in `call'
actionpack (5.0.1) lib/action_dispatch/middleware/static.rb:136:in `call'
rack (2.0.1) lib/rack/sendfile.rb:111:in `call'
railties (5.0.1) lib/rails/engine.rb:522:in `call'
puma (3.6.2) lib/puma/configuration.rb:225:in `call'
puma (3.6.2) lib/puma/server.rb:578:in `handle_request'
puma (3.6.2) lib/puma/server.rb:415:in `process_client'
puma (3.6.2) lib/puma/server.rb:275:in `block in run'
puma (3.6.2) lib/puma/thread_pool.rb:116:in `block in spawn_thread'
Started GET "/master/index" for 172.23.0.1 at 2017-01-29 02:24:14 +0000
  
ActionController::RoutingError (No route matches [GET] "/master/index"):
  
actionpack (5.0.1) lib/action_dispatch/middleware/debug_exceptions.rb:53:in `call'
actionpack (5.0.1) lib/action_dispatch/middleware/show_exceptions.rb:31:in `call'
railties (5.0.1) lib/rails/rack/logger.rb:36:in `call_app'
railties (5.0.1) lib/rails/rack/logger.rb:24:in `block in call'
activesupport (5.0.1) lib/active_support/tagged_logging.rb:69:in `block in tagged'
activesupport (5.0.1) lib/active_support/tagged_logging.rb:26:in `tagged'
activesupport (5.0.1) lib/active_support/tagged_logging.rb:69:in `tagged'
railties (5.0.1) lib/rails/rack/logger.rb:24:in `call'
actionpack (5.0.1) lib/action_dispatch/middleware/request_id.rb:24:in `call'
rack (2.0.1) lib/rack/runtime.rb:22:in `call'
activesupport (5.0.1) lib/active_support/cache/strategy/local_cache_middleware.rb:28:in `call'
actionpack (5.0.1) lib/action_dispatch/middleware/executor.rb:12:in `call'
actionpack (5.0.1) lib/action_dispatch/middleware/static.rb:136:in `call'
rack (2.0.1) lib/rack/sendfile.rb:111:in `call'
railties (5.0.1) lib/rails/engine.rb:522:in `call'
puma (3.6.2) lib/puma/configuration.rb:225:in `call'
puma (3.6.2) lib/puma/server.rb:578:in `handle_request'
puma (3.6.2) lib/puma/server.rb:415:in `process_client'
puma (3.6.2) lib/puma/server.rb:275:in `block in run'
puma (3.6.2) lib/puma/thread_pool.rb:116:in `block in spawn_thread'
Started GET "/master/index" for 172.23.0.1 at 2017-01-29 02:25:34 +0000
  
NoMethodError (undefined method `resouces' for #<ActionDispatch::Routing::Mapper:0x0055dafbb2cf10>):
  
config/routes.rb:3:in `block in <top (required)>'
config/routes.rb:1:in `<top (required)>'
Started GET "/master/index" for 172.23.0.1 at 2017-01-29 02:26:10 +0000
  
ActionController::RoutingError (No route matches [GET] "/master/index"):
  
actionpack (5.0.1) lib/action_dispatch/middleware/debug_exceptions.rb:53:in `call'
actionpack (5.0.1) lib/action_dispatch/middleware/show_exceptions.rb:31:in `call'
railties (5.0.1) lib/rails/rack/logger.rb:36:in `call_app'
railties (5.0.1) lib/rails/rack/logger.rb:24:in `block in call'
activesupport (5.0.1) lib/active_support/tagged_logging.rb:69:in `block in tagged'
activesupport (5.0.1) lib/active_support/tagged_logging.rb:26:in `tagged'
activesupport (5.0.1) lib/active_support/tagged_logging.rb:69:in `tagged'
railties (5.0.1) lib/rails/rack/logger.rb:24:in `call'
actionpack (5.0.1) lib/action_dispatch/middleware/request_id.rb:24:in `call'
rack (2.0.1) lib/rack/runtime.rb:22:in `call'
activesupport (5.0.1) lib/active_support/cache/strategy/local_cache_middleware.rb:28:in `call'
actionpack (5.0.1) lib/action_dispatch/middleware/executor.rb:12:in `call'
actionpack (5.0.1) lib/action_dispatch/middleware/static.rb:136:in `call'
rack (2.0.1) lib/rack/sendfile.rb:111:in `call'
railties (5.0.1) lib/rails/engine.rb:522:in `call'
puma (3.6.2) lib/puma/configuration.rb:225:in `call'
puma (3.6.2) lib/puma/server.rb:578:in `handle_request'
puma (3.6.2) lib/puma/server.rb:415:in `process_client'
puma (3.6.2) lib/puma/server.rb:275:in `block in run'
puma (3.6.2) lib/puma/thread_pool.rb:116:in `block in spawn_thread'
Started GET "/master/index" for 172.23.0.1 at 2017-01-29 02:26:17 +0000
  
ActionController::RoutingError (No route matches [GET] "/master/index"):
  
actionpack (5.0.1) lib/action_dispatch/middleware/debug_exceptions.rb:53:in `call'
actionpack (5.0.1) lib/action_dispatch/middleware/show_exceptions.rb:31:in `call'
railties (5.0.1) lib/rails/rack/logger.rb:36:in `call_app'
railties (5.0.1) lib/rails/rack/logger.rb:24:in `block in call'
activesupport (5.0.1) lib/active_support/tagged_logging.rb:69:in `block in tagged'
activesupport (5.0.1) lib/active_support/tagged_logging.rb:26:in `tagged'
activesupport (5.0.1) lib/active_support/tagged_logging.rb:69:in `tagged'
railties (5.0.1) lib/rails/rack/logger.rb:24:in `call'
actionpack (5.0.1) lib/action_dispatch/middleware/request_id.rb:24:in `call'
rack (2.0.1) lib/rack/runtime.rb:22:in `call'
activesupport (5.0.1) lib/active_support/cache/strategy/local_cache_middleware.rb:28:in `call'
actionpack (5.0.1) lib/action_dispatch/middleware/executor.rb:12:in `call'
actionpack (5.0.1) lib/action_dispatch/middleware/static.rb:136:in `call'
rack (2.0.1) lib/rack/sendfile.rb:111:in `call'
railties (5.0.1) lib/rails/engine.rb:522:in `call'
puma (3.6.2) lib/puma/configuration.rb:225:in `call'
puma (3.6.2) lib/puma/server.rb:578:in `handle_request'
puma (3.6.2) lib/puma/server.rb:415:in `process_client'
puma (3.6.2) lib/puma/server.rb:275:in `block in run'
puma (3.6.2) lib/puma/thread_pool.rb:116:in `block in spawn_thread'
Started GET "/masters/index" for 172.23.0.1 at 2017-01-29 02:26:21 +0000
  
ActionController::RoutingError (No route matches [GET] "/masters/index"):
  
actionpack (5.0.1) lib/action_dispatch/middleware/debug_exceptions.rb:53:in `call'
actionpack (5.0.1) lib/action_dispatch/middleware/show_exceptions.rb:31:in `call'
railties (5.0.1) lib/rails/rack/logger.rb:36:in `call_app'
railties (5.0.1) lib/rails/rack/logger.rb:24:in `block in call'
activesupport (5.0.1) lib/active_support/tagged_logging.rb:69:in `block in tagged'
activesupport (5.0.1) lib/active_support/tagged_logging.rb:26:in `tagged'
activesupport (5.0.1) lib/active_support/tagged_logging.rb:69:in `tagged'
railties (5.0.1) lib/rails/rack/logger.rb:24:in `call'
actionpack (5.0.1) lib/action_dispatch/middleware/request_id.rb:24:in `call'
rack (2.0.1) lib/rack/runtime.rb:22:in `call'
activesupport (5.0.1) lib/active_support/cache/strategy/local_cache_middleware.rb:28:in `call'
actionpack (5.0.1) lib/action_dispatch/middleware/executor.rb:12:in `call'
actionpack (5.0.1) lib/action_dispatch/middleware/static.rb:136:in `call'
rack (2.0.1) lib/rack/sendfile.rb:111:in `call'
railties (5.0.1) lib/rails/engine.rb:522:in `call'
puma (3.6.2) lib/puma/configuration.rb:225:in `call'
puma (3.6.2) lib/puma/server.rb:578:in `handle_request'
puma (3.6.2) lib/puma/server.rb:415:in `process_client'
puma (3.6.2) lib/puma/server.rb:275:in `block in run'
puma (3.6.2) lib/puma/thread_pool.rb:116:in `block in spawn_thread'
Started GET "/master/index" for 172.23.0.1 at 2017-01-29 02:26:26 +0000
  
ActionController::RoutingError (No route matches [GET] "/master/index"):
  
actionpack (5.0.1) lib/action_dispatch/middleware/debug_exceptions.rb:53:in `call'
actionpack (5.0.1) lib/action_dispatch/middleware/show_exceptions.rb:31:in `call'
railties (5.0.1) lib/rails/rack/logger.rb:36:in `call_app'
railties (5.0.1) lib/rails/rack/logger.rb:24:in `block in call'
activesupport (5.0.1) lib/active_support/tagged_logging.rb:69:in `block in tagged'
activesupport (5.0.1) lib/active_support/tagged_logging.rb:26:in `tagged'
activesupport (5.0.1) lib/active_support/tagged_logging.rb:69:in `tagged'
railties (5.0.1) lib/rails/rack/logger.rb:24:in `call'
actionpack (5.0.1) lib/action_dispatch/middleware/request_id.rb:24:in `call'
rack (2.0.1) lib/rack/runtime.rb:22:in `call'
activesupport (5.0.1) lib/active_support/cache/strategy/local_cache_middleware.rb:28:in `call'
actionpack (5.0.1) lib/action_dispatch/middleware/executor.rb:12:in `call'
actionpack (5.0.1) lib/action_dispatch/middleware/static.rb:136:in `call'
rack (2.0.1) lib/rack/sendfile.rb:111:in `call'
railties (5.0.1) lib/rails/engine.rb:522:in `call'
puma (3.6.2) lib/puma/configuration.rb:225:in `call'
puma (3.6.2) lib/puma/server.rb:578:in `handle_request'
puma (3.6.2) lib/puma/server.rb:415:in `process_client'
puma (3.6.2) lib/puma/server.rb:275:in `block in run'
puma (3.6.2) lib/puma/thread_pool.rb:116:in `block in spawn_thread'
Started GET "/master/index" for 172.23.0.1 at 2017-01-29 02:27:29 +0000
  
ActionController::RoutingError (No route matches [GET] "/master/index"):
  
actionpack (5.0.1) lib/action_dispatch/middleware/debug_exceptions.rb:53:in `call'
actionpack (5.0.1) lib/action_dispatch/middleware/show_exceptions.rb:31:in `call'
railties (5.0.1) lib/rails/rack/logger.rb:36:in `call_app'
railties (5.0.1) lib/rails/rack/logger.rb:24:in `block in call'
activesupport (5.0.1) lib/active_support/tagged_logging.rb:69:in `block in tagged'
activesupport (5.0.1) lib/active_support/tagged_logging.rb:26:in `tagged'
activesupport (5.0.1) lib/active_support/tagged_logging.rb:69:in `tagged'
railties (5.0.1) lib/rails/rack/logger.rb:24:in `call'
actionpack (5.0.1) lib/action_dispatch/middleware/request_id.rb:24:in `call'
rack (2.0.1) lib/rack/runtime.rb:22:in `call'
activesupport (5.0.1) lib/active_support/cache/strategy/local_cache_middleware.rb:28:in `call'
actionpack (5.0.1) lib/action_dispatch/middleware/executor.rb:12:in `call'
actionpack (5.0.1) lib/action_dispatch/middleware/static.rb:136:in `call'
rack (2.0.1) lib/rack/sendfile.rb:111:in `call'
railties (5.0.1) lib/rails/engine.rb:522:in `call'
puma (3.6.2) lib/puma/configuration.rb:225:in `call'
puma (3.6.2) lib/puma/server.rb:578:in `handle_request'
puma (3.6.2) lib/puma/server.rb:415:in `process_client'
puma (3.6.2) lib/puma/server.rb:275:in `block in run'
puma (3.6.2) lib/puma/thread_pool.rb:116:in `block in spawn_thread'
Started GET "/master/index" for 172.23.0.1 at 2017-01-29 02:27:38 +0000
  
ActionController::RoutingError (No route matches [GET] "/master/index"):
  
actionpack (5.0.1) lib/action_dispatch/middleware/debug_exceptions.rb:53:in `call'
actionpack (5.0.1) lib/action_dispatch/middleware/show_exceptions.rb:31:in `call'
railties (5.0.1) lib/rails/rack/logger.rb:36:in `call_app'
railties (5.0.1) lib/rails/rack/logger.rb:24:in `block in call'
activesupport (5.0.1) lib/active_support/tagged_logging.rb:69:in `block in tagged'
activesupport (5.0.1) lib/active_support/tagged_logging.rb:26:in `tagged'
activesupport (5.0.1) lib/active_support/tagged_logging.rb:69:in `tagged'
railties (5.0.1) lib/rails/rack/logger.rb:24:in `call'
actionpack (5.0.1) lib/action_dispatch/middleware/request_id.rb:24:in `call'
rack (2.0.1) lib/rack/runtime.rb:22:in `call'
activesupport (5.0.1) lib/active_support/cache/strategy/local_cache_middleware.rb:28:in `call'
actionpack (5.0.1) lib/action_dispatch/middleware/executor.rb:12:in `call'
actionpack (5.0.1) lib/action_dispatch/middleware/static.rb:136:in `call'
rack (2.0.1) lib/rack/sendfile.rb:111:in `call'
railties (5.0.1) lib/rails/engine.rb:522:in `call'
puma (3.6.2) lib/puma/configuration.rb:225:in `call'
puma (3.6.2) lib/puma/server.rb:578:in `handle_request'
puma (3.6.2) lib/puma/server.rb:415:in `process_client'
puma (3.6.2) lib/puma/server.rb:275:in `block in run'
puma (3.6.2) lib/puma/thread_pool.rb:116:in `block in spawn_thread'
Started GET "/master/index" for 172.23.0.1 at 2017-01-29 02:30:10 +0000
  
ActionController::RoutingError (No route matches [GET] "/master/index"):
  
actionpack (5.0.1) lib/action_dispatch/middleware/debug_exceptions.rb:53:in `call'
actionpack (5.0.1) lib/action_dispatch/middleware/show_exceptions.rb:31:in `call'
railties (5.0.1) lib/rails/rack/logger.rb:36:in `call_app'
railties (5.0.1) lib/rails/rack/logger.rb:24:in `block in call'
activesupport (5.0.1) lib/active_support/tagged_logging.rb:69:in `block in tagged'
activesupport (5.0.1) lib/active_support/tagged_logging.rb:26:in `tagged'
activesupport (5.0.1) lib/active_support/tagged_logging.rb:69:in `tagged'
railties (5.0.1) lib/rails/rack/logger.rb:24:in `call'
actionpack (5.0.1) lib/action_dispatch/middleware/request_id.rb:24:in `call'
rack (2.0.1) lib/rack/runtime.rb:22:in `call'
activesupport (5.0.1) lib/active_support/cache/strategy/local_cache_middleware.rb:28:in `call'
actionpack (5.0.1) lib/action_dispatch/middleware/executor.rb:12:in `call'
actionpack (5.0.1) lib/action_dispatch/middleware/static.rb:136:in `call'
rack (2.0.1) lib/rack/sendfile.rb:111:in `call'
railties (5.0.1) lib/rails/engine.rb:522:in `call'
puma (3.6.2) lib/puma/configuration.rb:225:in `call'
puma (3.6.2) lib/puma/server.rb:578:in `handle_request'
puma (3.6.2) lib/puma/server.rb:415:in `process_client'
puma (3.6.2) lib/puma/server.rb:275:in `block in run'
puma (3.6.2) lib/puma/thread_pool.rb:116:in `block in spawn_thread'
Started GET "/master/index" for 172.23.0.1 at 2017-01-29 02:30:25 +0000
  
ActionController::RoutingError (No route matches [GET] "/master/index"):
  
actionpack (5.0.1) lib/action_dispatch/middleware/debug_exceptions.rb:53:in `call'
actionpack (5.0.1) lib/action_dispatch/middleware/show_exceptions.rb:31:in `call'
railties (5.0.1) lib/rails/rack/logger.rb:36:in `call_app'
railties (5.0.1) lib/rails/rack/logger.rb:24:in `block in call'
activesupport (5.0.1) lib/active_support/tagged_logging.rb:69:in `block in tagged'
activesupport (5.0.1) lib/active_support/tagged_logging.rb:26:in `tagged'
activesupport (5.0.1) lib/active_support/tagged_logging.rb:69:in `tagged'
railties (5.0.1) lib/rails/rack/logger.rb:24:in `call'
actionpack (5.0.1) lib/action_dispatch/middleware/request_id.rb:24:in `call'
rack (2.0.1) lib/rack/runtime.rb:22:in `call'
activesupport (5.0.1) lib/active_support/cache/strategy/local_cache_middleware.rb:28:in `call'
actionpack (5.0.1) lib/action_dispatch/middleware/executor.rb:12:in `call'
actionpack (5.0.1) lib/action_dispatch/middleware/static.rb:136:in `call'
rack (2.0.1) lib/rack/sendfile.rb:111:in `call'
railties (5.0.1) lib/rails/engine.rb:522:in `call'
puma (3.6.2) lib/puma/configuration.rb:225:in `call'
puma (3.6.2) lib/puma/server.rb:578:in `handle_request'
puma (3.6.2) lib/puma/server.rb:415:in `process_client'
puma (3.6.2) lib/puma/server.rb:275:in `block in run'
puma (3.6.2) lib/puma/thread_pool.rb:116:in `block in spawn_thread'
Started GET "/masters/index" for 172.23.0.1 at 2017-01-29 02:30:28 +0000
  
ActionController::RoutingError (No route matches [GET] "/masters/index"):
  
actionpack (5.0.1) lib/action_dispatch/middleware/debug_exceptions.rb:53:in `call'
actionpack (5.0.1) lib/action_dispatch/middleware/show_exceptions.rb:31:in `call'
railties (5.0.1) lib/rails/rack/logger.rb:36:in `call_app'
railties (5.0.1) lib/rails/rack/logger.rb:24:in `block in call'
activesupport (5.0.1) lib/active_support/tagged_logging.rb:69:in `block in tagged'
activesupport (5.0.1) lib/active_support/tagged_logging.rb:26:in `tagged'
activesupport (5.0.1) lib/active_support/tagged_logging.rb:69:in `tagged'
railties (5.0.1) lib/rails/rack/logger.rb:24:in `call'
actionpack (5.0.1) lib/action_dispatch/middleware/request_id.rb:24:in `call'
rack (2.0.1) lib/rack/runtime.rb:22:in `call'
activesupport (5.0.1) lib/active_support/cache/strategy/local_cache_middleware.rb:28:in `call'
actionpack (5.0.1) lib/action_dispatch/middleware/executor.rb:12:in `call'
actionpack (5.0.1) lib/action_dispatch/middleware/static.rb:136:in `call'
rack (2.0.1) lib/rack/sendfile.rb:111:in `call'
railties (5.0.1) lib/rails/engine.rb:522:in `call'
puma (3.6.2) lib/puma/configuration.rb:225:in `call'
puma (3.6.2) lib/puma/server.rb:578:in `handle_request'
puma (3.6.2) lib/puma/server.rb:415:in `process_client'
puma (3.6.2) lib/puma/server.rb:275:in `block in run'
puma (3.6.2) lib/puma/thread_pool.rb:116:in `block in spawn_thread'
Started GET "/masters/index" for 172.23.0.1 at 2017-01-29 02:30:41 +0000
  
ActionController::RoutingError (No route matches [GET] "/masters/index"):
  
actionpack (5.0.1) lib/action_dispatch/middleware/debug_exceptions.rb:53:in `call'
actionpack (5.0.1) lib/action_dispatch/middleware/show_exceptions.rb:31:in `call'
railties (5.0.1) lib/rails/rack/logger.rb:36:in `call_app'
railties (5.0.1) lib/rails/rack/logger.rb:24:in `block in call'
activesupport (5.0.1) lib/active_support/tagged_logging.rb:69:in `block in tagged'
activesupport (5.0.1) lib/active_support/tagged_logging.rb:26:in `tagged'
activesupport (5.0.1) lib/active_support/tagged_logging.rb:69:in `tagged'
railties (5.0.1) lib/rails/rack/logger.rb:24:in `call'
actionpack (5.0.1) lib/action_dispatch/middleware/request_id.rb:24:in `call'
rack (2.0.1) lib/rack/runtime.rb:22:in `call'
activesupport (5.0.1) lib/active_support/cache/strategy/local_cache_middleware.rb:28:in `call'
actionpack (5.0.1) lib/action_dispatch/middleware/executor.rb:12:in `call'
actionpack (5.0.1) lib/action_dispatch/middleware/static.rb:136:in `call'
rack (2.0.1) lib/rack/sendfile.rb:111:in `call'
railties (5.0.1) lib/rails/engine.rb:522:in `call'
puma (3.6.2) lib/puma/configuration.rb:225:in `call'
puma (3.6.2) lib/puma/server.rb:578:in `handle_request'
puma (3.6.2) lib/puma/server.rb:415:in `process_client'
puma (3.6.2) lib/puma/server.rb:275:in `block in run'
puma (3.6.2) lib/puma/thread_pool.rb:116:in `block in spawn_thread'
Started GET "/masters/index" for 172.23.0.1 at 2017-01-29 02:31:29 +0000
  
ActionController::RoutingError (No route matches [GET] "/masters/index"):
  
actionpack (5.0.1) lib/action_dispatch/middleware/debug_exceptions.rb:53:in `call'
actionpack (5.0.1) lib/action_dispatch/middleware/show_exceptions.rb:31:in `call'
railties (5.0.1) lib/rails/rack/logger.rb:36:in `call_app'
railties (5.0.1) lib/rails/rack/logger.rb:24:in `block in call'
activesupport (5.0.1) lib/active_support/tagged_logging.rb:69:in `block in tagged'
activesupport (5.0.1) lib/active_support/tagged_logging.rb:26:in `tagged'
activesupport (5.0.1) lib/active_support/tagged_logging.rb:69:in `tagged'
railties (5.0.1) lib/rails/rack/logger.rb:24:in `call'
actionpack (5.0.1) lib/action_dispatch/middleware/request_id.rb:24:in `call'
rack (2.0.1) lib/rack/runtime.rb:22:in `call'
activesupport (5.0.1) lib/active_support/cache/strategy/local_cache_middleware.rb:28:in `call'
actionpack (5.0.1) lib/action_dispatch/middleware/executor.rb:12:in `call'
actionpack (5.0.1) lib/action_dispatch/middleware/static.rb:136:in `call'
rack (2.0.1) lib/rack/sendfile.rb:111:in `call'
railties (5.0.1) lib/rails/engine.rb:522:in `call'
puma (3.6.2) lib/puma/configuration.rb:225:in `call'
puma (3.6.2) lib/puma/server.rb:578:in `handle_request'
puma (3.6.2) lib/puma/server.rb:415:in `process_client'
puma (3.6.2) lib/puma/server.rb:275:in `block in run'
puma (3.6.2) lib/puma/thread_pool.rb:116:in `block in spawn_thread'
Started GET "/masters/index" for 172.23.0.1 at 2017-01-29 02:31:53 +0000
  
ActionController::RoutingError (No route matches [GET] "/masters/index"):
  
actionpack (5.0.1) lib/action_dispatch/middleware/debug_exceptions.rb:53:in `call'
actionpack (5.0.1) lib/action_dispatch/middleware/show_exceptions.rb:31:in `call'
railties (5.0.1) lib/rails/rack/logger.rb:36:in `call_app'
railties (5.0.1) lib/rails/rack/logger.rb:24:in `block in call'
activesupport (5.0.1) lib/active_support/tagged_logging.rb:69:in `block in tagged'
activesupport (5.0.1) lib/active_support/tagged_logging.rb:26:in `tagged'
activesupport (5.0.1) lib/active_support/tagged_logging.rb:69:in `tagged'
railties (5.0.1) lib/rails/rack/logger.rb:24:in `call'
actionpack (5.0.1) lib/action_dispatch/middleware/request_id.rb:24:in `call'
rack (2.0.1) lib/rack/runtime.rb:22:in `call'
activesupport (5.0.1) lib/active_support/cache/strategy/local_cache_middleware.rb:28:in `call'
actionpack (5.0.1) lib/action_dispatch/middleware/executor.rb:12:in `call'
actionpack (5.0.1) lib/action_dispatch/middleware/static.rb:136:in `call'
rack (2.0.1) lib/rack/sendfile.rb:111:in `call'
railties (5.0.1) lib/rails/engine.rb:522:in `call'
puma (3.6.2) lib/puma/configuration.rb:225:in `call'
puma (3.6.2) lib/puma/server.rb:578:in `handle_request'
puma (3.6.2) lib/puma/server.rb:415:in `process_client'
puma (3.6.2) lib/puma/server.rb:275:in `block in run'
puma (3.6.2) lib/puma/thread_pool.rb:116:in `block in spawn_thread'
Started GET "/masters/index" for 172.23.0.1 at 2017-01-29 02:34:24 +0000
  
ActionController::RoutingError (No route matches [GET] "/masters/index"):
  
actionpack (5.0.1) lib/action_dispatch/middleware/debug_exceptions.rb:53:in `call'
actionpack (5.0.1) lib/action_dispatch/middleware/show_exceptions.rb:31:in `call'
railties (5.0.1) lib/rails/rack/logger.rb:36:in `call_app'
railties (5.0.1) lib/rails/rack/logger.rb:24:in `block in call'
activesupport (5.0.1) lib/active_support/tagged_logging.rb:69:in `block in tagged'
activesupport (5.0.1) lib/active_support/tagged_logging.rb:26:in `tagged'
activesupport (5.0.1) lib/active_support/tagged_logging.rb:69:in `tagged'
railties (5.0.1) lib/rails/rack/logger.rb:24:in `call'
actionpack (5.0.1) lib/action_dispatch/middleware/request_id.rb:24:in `call'
rack (2.0.1) lib/rack/runtime.rb:22:in `call'
activesupport (5.0.1) lib/active_support/cache/strategy/local_cache_middleware.rb:28:in `call'
actionpack (5.0.1) lib/action_dispatch/middleware/executor.rb:12:in `call'
actionpack (5.0.1) lib/action_dispatch/middleware/static.rb:136:in `call'
rack (2.0.1) lib/rack/sendfile.rb:111:in `call'
railties (5.0.1) lib/rails/engine.rb:522:in `call'
puma (3.6.2) lib/puma/configuration.rb:225:in `call'
puma (3.6.2) lib/puma/server.rb:578:in `handle_request'
puma (3.6.2) lib/puma/server.rb:415:in `process_client'
puma (3.6.2) lib/puma/server.rb:275:in `block in run'
puma (3.6.2) lib/puma/thread_pool.rb:116:in `block in spawn_thread'
Started GET "/masters/index" for 172.23.0.1 at 2017-01-29 02:34:41 +0000
  
ActionController::RoutingError (No route matches [GET] "/masters/index"):
  
actionpack (5.0.1) lib/action_dispatch/middleware/debug_exceptions.rb:53:in `call'
actionpack (5.0.1) lib/action_dispatch/middleware/show_exceptions.rb:31:in `call'
railties (5.0.1) lib/rails/rack/logger.rb:36:in `call_app'
railties (5.0.1) lib/rails/rack/logger.rb:24:in `block in call'
activesupport (5.0.1) lib/active_support/tagged_logging.rb:69:in `block in tagged'
activesupport (5.0.1) lib/active_support/tagged_logging.rb:26:in `tagged'
activesupport (5.0.1) lib/active_support/tagged_logging.rb:69:in `tagged'
railties (5.0.1) lib/rails/rack/logger.rb:24:in `call'
actionpack (5.0.1) lib/action_dispatch/middleware/request_id.rb:24:in `call'
rack (2.0.1) lib/rack/runtime.rb:22:in `call'
activesupport (5.0.1) lib/active_support/cache/strategy/local_cache_middleware.rb:28:in `call'
actionpack (5.0.1) lib/action_dispatch/middleware/executor.rb:12:in `call'
actionpack (5.0.1) lib/action_dispatch/middleware/static.rb:136:in `call'
rack (2.0.1) lib/rack/sendfile.rb:111:in `call'
railties (5.0.1) lib/rails/engine.rb:522:in `call'
puma (3.6.2) lib/puma/configuration.rb:225:in `call'
puma (3.6.2) lib/puma/server.rb:578:in `handle_request'
puma (3.6.2) lib/puma/server.rb:415:in `process_client'
puma (3.6.2) lib/puma/server.rb:275:in `block in run'
puma (3.6.2) lib/puma/thread_pool.rb:116:in `block in spawn_thread'
Started GET "/masters/index" for 172.23.0.1 at 2017-01-29 02:34:44 +0000
  
ActionController::RoutingError (No route matches [GET] "/masters/index"):
  
actionpack (5.0.1) lib/action_dispatch/middleware/debug_exceptions.rb:53:in `call'
actionpack (5.0.1) lib/action_dispatch/middleware/show_exceptions.rb:31:in `call'
railties (5.0.1) lib/rails/rack/logger.rb:36:in `call_app'
railties (5.0.1) lib/rails/rack/logger.rb:24:in `block in call'
activesupport (5.0.1) lib/active_support/tagged_logging.rb:69:in `block in tagged'
activesupport (5.0.1) lib/active_support/tagged_logging.rb:26:in `tagged'
activesupport (5.0.1) lib/active_support/tagged_logging.rb:69:in `tagged'
railties (5.0.1) lib/rails/rack/logger.rb:24:in `call'
actionpack (5.0.1) lib/action_dispatch/middleware/request_id.rb:24:in `call'
rack (2.0.1) lib/rack/runtime.rb:22:in `call'
activesupport (5.0.1) lib/active_support/cache/strategy/local_cache_middleware.rb:28:in `call'
actionpack (5.0.1) lib/action_dispatch/middleware/executor.rb:12:in `call'
actionpack (5.0.1) lib/action_dispatch/middleware/static.rb:136:in `call'
rack (2.0.1) lib/rack/sendfile.rb:111:in `call'
railties (5.0.1) lib/rails/engine.rb:522:in `call'
puma (3.6.2) lib/puma/configuration.rb:225:in `call'
puma (3.6.2) lib/puma/server.rb:578:in `handle_request'
puma (3.6.2) lib/puma/server.rb:415:in `process_client'
puma (3.6.2) lib/puma/server.rb:275:in `block in run'
puma (3.6.2) lib/puma/thread_pool.rb:116:in `block in spawn_thread'
Started GET "/master/index" for 172.23.0.1 at 2017-01-29 02:34:50 +0000
  
ArgumentError (Missing :controller key on routes definition, please check your routes.):
  
config/routes.rb:6:in `block in <top (required)>'
config/routes.rb:1:in `<top (required)>'
Started GET "/masteraa/index" for 172.23.0.1 at 2017-01-29 02:35:03 +0000
  
ActionController::RoutingError (No route matches [GET] "/masteraa/index"):
  
actionpack (5.0.1) lib/action_dispatch/middleware/debug_exceptions.rb:53:in `call'
actionpack (5.0.1) lib/action_dispatch/middleware/show_exceptions.rb:31:in `call'
railties (5.0.1) lib/rails/rack/logger.rb:36:in `call_app'
railties (5.0.1) lib/rails/rack/logger.rb:24:in `block in call'
activesupport (5.0.1) lib/active_support/tagged_logging.rb:69:in `block in tagged'
activesupport (5.0.1) lib/active_support/tagged_logging.rb:26:in `tagged'
activesupport (5.0.1) lib/active_support/tagged_logging.rb:69:in `tagged'
railties (5.0.1) lib/rails/rack/logger.rb:24:in `call'
actionpack (5.0.1) lib/action_dispatch/middleware/request_id.rb:24:in `call'
rack (2.0.1) lib/rack/runtime.rb:22:in `call'
activesupport (5.0.1) lib/active_support/cache/strategy/local_cache_middleware.rb:28:in `call'
actionpack (5.0.1) lib/action_dispatch/middleware/executor.rb:12:in `call'
actionpack (5.0.1) lib/action_dispatch/middleware/static.rb:136:in `call'
rack (2.0.1) lib/rack/sendfile.rb:111:in `call'
railties (5.0.1) lib/rails/engine.rb:522:in `call'
puma (3.6.2) lib/puma/configuration.rb:225:in `call'
puma (3.6.2) lib/puma/server.rb:578:in `handle_request'
puma (3.6.2) lib/puma/server.rb:415:in `process_client'
puma (3.6.2) lib/puma/server.rb:275:in `block in run'
puma (3.6.2) lib/puma/thread_pool.rb:116:in `block in spawn_thread'
Started GET "/master/index" for 172.23.0.1 at 2017-01-29 02:35:07 +0000
  
ActionController::RoutingError (No route matches [GET] "/master/index"):
  
actionpack (5.0.1) lib/action_dispatch/middleware/debug_exceptions.rb:53:in `call'
actionpack (5.0.1) lib/action_dispatch/middleware/show_exceptions.rb:31:in `call'
railties (5.0.1) lib/rails/rack/logger.rb:36:in `call_app'
railties (5.0.1) lib/rails/rack/logger.rb:24:in `block in call'
activesupport (5.0.1) lib/active_support/tagged_logging.rb:69:in `block in tagged'
activesupport (5.0.1) lib/active_support/tagged_logging.rb:26:in `tagged'
activesupport (5.0.1) lib/active_support/tagged_logging.rb:69:in `tagged'
railties (5.0.1) lib/rails/rack/logger.rb:24:in `call'
actionpack (5.0.1) lib/action_dispatch/middleware/request_id.rb:24:in `call'
rack (2.0.1) lib/rack/runtime.rb:22:in `call'
activesupport (5.0.1) lib/active_support/cache/strategy/local_cache_middleware.rb:28:in `call'
actionpack (5.0.1) lib/action_dispatch/middleware/executor.rb:12:in `call'
actionpack (5.0.1) lib/action_dispatch/middleware/static.rb:136:in `call'
rack (2.0.1) lib/rack/sendfile.rb:111:in `call'
railties (5.0.1) lib/rails/engine.rb:522:in `call'
puma (3.6.2) lib/puma/configuration.rb:225:in `call'
puma (3.6.2) lib/puma/server.rb:578:in `handle_request'
puma (3.6.2) lib/puma/server.rb:415:in `process_client'
puma (3.6.2) lib/puma/server.rb:275:in `block in run'
puma (3.6.2) lib/puma/thread_pool.rb:116:in `block in spawn_thread'
Started GET "/master/index" for 172.23.0.1 at 2017-01-29 02:35:45 +0000
  
SyntaxError (/myapp/config/routes.rb:6: syntax error, unexpected keyword_end, expecting end-of-input):
  
config/routes.rb:6: syntax error, unexpected keyword_end, expecting end-of-input
Started GET "/master/index" for 172.23.0.1 at 2017-01-29 02:35:54 +0000
  
ActionController::RoutingError (No route matches [GET] "/master/index"):
  
actionpack (5.0.1) lib/action_dispatch/middleware/debug_exceptions.rb:53:in `call'
actionpack (5.0.1) lib/action_dispatch/middleware/show_exceptions.rb:31:in `call'
railties (5.0.1) lib/rails/rack/logger.rb:36:in `call_app'
railties (5.0.1) lib/rails/rack/logger.rb:24:in `block in call'
activesupport (5.0.1) lib/active_support/tagged_logging.rb:69:in `block in tagged'
activesupport (5.0.1) lib/active_support/tagged_logging.rb:26:in `tagged'
activesupport (5.0.1) lib/active_support/tagged_logging.rb:69:in `tagged'
railties (5.0.1) lib/rails/rack/logger.rb:24:in `call'
actionpack (5.0.1) lib/action_dispatch/middleware/request_id.rb:24:in `call'
rack (2.0.1) lib/rack/runtime.rb:22:in `call'
activesupport (5.0.1) lib/active_support/cache/strategy/local_cache_middleware.rb:28:in `call'
actionpack (5.0.1) lib/action_dispatch/middleware/executor.rb:12:in `call'
actionpack (5.0.1) lib/action_dispatch/middleware/static.rb:136:in `call'
rack (2.0.1) lib/rack/sendfile.rb:111:in `call'
railties (5.0.1) lib/rails/engine.rb:522:in `call'
puma (3.6.2) lib/puma/configuration.rb:225:in `call'
puma (3.6.2) lib/puma/server.rb:578:in `handle_request'
puma (3.6.2) lib/puma/server.rb:415:in `process_client'
puma (3.6.2) lib/puma/server.rb:275:in `block in run'
puma (3.6.2) lib/puma/thread_pool.rb:116:in `block in spawn_thread'
Started GET "/master/index" for 172.23.0.1 at 2017-01-29 02:36:10 +0000
  
ActionController::RoutingError (No route matches [GET] "/master/index"):
  
actionpack (5.0.1) lib/action_dispatch/middleware/debug_exceptions.rb:53:in `call'
actionpack (5.0.1) lib/action_dispatch/middleware/show_exceptions.rb:31:in `call'
railties (5.0.1) lib/rails/rack/logger.rb:36:in `call_app'
railties (5.0.1) lib/rails/rack/logger.rb:24:in `block in call'
activesupport (5.0.1) lib/active_support/tagged_logging.rb:69:in `block in tagged'
activesupport (5.0.1) lib/active_support/tagged_logging.rb:26:in `tagged'
activesupport (5.0.1) lib/active_support/tagged_logging.rb:69:in `tagged'
railties (5.0.1) lib/rails/rack/logger.rb:24:in `call'
actionpack (5.0.1) lib/action_dispatch/middleware/request_id.rb:24:in `call'
rack (2.0.1) lib/rack/runtime.rb:22:in `call'
activesupport (5.0.1) lib/active_support/cache/strategy/local_cache_middleware.rb:28:in `call'
actionpack (5.0.1) lib/action_dispatch/middleware/executor.rb:12:in `call'
actionpack (5.0.1) lib/action_dispatch/middleware/static.rb:136:in `call'
rack (2.0.1) lib/rack/sendfile.rb:111:in `call'
railties (5.0.1) lib/rails/engine.rb:522:in `call'
puma (3.6.2) lib/puma/configuration.rb:225:in `call'
puma (3.6.2) lib/puma/server.rb:578:in `handle_request'
puma (3.6.2) lib/puma/server.rb:415:in `process_client'
puma (3.6.2) lib/puma/server.rb:275:in `block in run'
puma (3.6.2) lib/puma/thread_pool.rb:116:in `block in spawn_thread'
Started GET "/master/index" for 172.23.0.1 at 2017-01-29 02:36:18 +0000
  
ActionController::RoutingError (No route matches [GET] "/master/index"):
  
actionpack (5.0.1) lib/action_dispatch/middleware/debug_exceptions.rb:53:in `call'
actionpack (5.0.1) lib/action_dispatch/middleware/show_exceptions.rb:31:in `call'
railties (5.0.1) lib/rails/rack/logger.rb:36:in `call_app'
railties (5.0.1) lib/rails/rack/logger.rb:24:in `block in call'
activesupport (5.0.1) lib/active_support/tagged_logging.rb:69:in `block in tagged'
activesupport (5.0.1) lib/active_support/tagged_logging.rb:26:in `tagged'
activesupport (5.0.1) lib/active_support/tagged_logging.rb:69:in `tagged'
railties (5.0.1) lib/rails/rack/logger.rb:24:in `call'
actionpack (5.0.1) lib/action_dispatch/middleware/request_id.rb:24:in `call'
rack (2.0.1) lib/rack/runtime.rb:22:in `call'
activesupport (5.0.1) lib/active_support/cache/strategy/local_cache_middleware.rb:28:in `call'
actionpack (5.0.1) lib/action_dispatch/middleware/executor.rb:12:in `call'
actionpack (5.0.1) lib/action_dispatch/middleware/static.rb:136:in `call'
rack (2.0.1) lib/rack/sendfile.rb:111:in `call'
railties (5.0.1) lib/rails/engine.rb:522:in `call'
puma (3.6.2) lib/puma/configuration.rb:225:in `call'
puma (3.6.2) lib/puma/server.rb:578:in `handle_request'
puma (3.6.2) lib/puma/server.rb:415:in `process_client'
puma (3.6.2) lib/puma/server.rb:275:in `block in run'
puma (3.6.2) lib/puma/thread_pool.rb:116:in `block in spawn_thread'
Started GET "/master/index" for 172.23.0.1 at 2017-01-29 02:36:29 +0000
  
ActionController::RoutingError (No route matches [GET] "/master/index"):
  
actionpack (5.0.1) lib/action_dispatch/middleware/debug_exceptions.rb:53:in `call'
actionpack (5.0.1) lib/action_dispatch/middleware/show_exceptions.rb:31:in `call'
railties (5.0.1) lib/rails/rack/logger.rb:36:in `call_app'
railties (5.0.1) lib/rails/rack/logger.rb:24:in `block in call'
activesupport (5.0.1) lib/active_support/tagged_logging.rb:69:in `block in tagged'
activesupport (5.0.1) lib/active_support/tagged_logging.rb:26:in `tagged'
activesupport (5.0.1) lib/active_support/tagged_logging.rb:69:in `tagged'
railties (5.0.1) lib/rails/rack/logger.rb:24:in `call'
actionpack (5.0.1) lib/action_dispatch/middleware/request_id.rb:24:in `call'
rack (2.0.1) lib/rack/runtime.rb:22:in `call'
activesupport (5.0.1) lib/active_support/cache/strategy/local_cache_middleware.rb:28:in `call'
actionpack (5.0.1) lib/action_dispatch/middleware/executor.rb:12:in `call'
actionpack (5.0.1) lib/action_dispatch/middleware/static.rb:136:in `call'
rack (2.0.1) lib/rack/sendfile.rb:111:in `call'
railties (5.0.1) lib/rails/engine.rb:522:in `call'
puma (3.6.2) lib/puma/configuration.rb:225:in `call'
puma (3.6.2) lib/puma/server.rb:578:in `handle_request'
puma (3.6.2) lib/puma/server.rb:415:in `process_client'
puma (3.6.2) lib/puma/server.rb:275:in `block in run'
puma (3.6.2) lib/puma/thread_pool.rb:116:in `block in spawn_thread'
Started GET "/mastes/index" for 172.23.0.1 at 2017-01-29 02:36:34 +0000
  
ActionController::RoutingError (No route matches [GET] "/mastes/index"):
  
actionpack (5.0.1) lib/action_dispatch/middleware/debug_exceptions.rb:53:in `call'
actionpack (5.0.1) lib/action_dispatch/middleware/show_exceptions.rb:31:in `call'
railties (5.0.1) lib/rails/rack/logger.rb:36:in `call_app'
railties (5.0.1) lib/rails/rack/logger.rb:24:in `block in call'
activesupport (5.0.1) lib/active_support/tagged_logging.rb:69:in `block in tagged'
activesupport (5.0.1) lib/active_support/tagged_logging.rb:26:in `tagged'
activesupport (5.0.1) lib/active_support/tagged_logging.rb:69:in `tagged'
railties (5.0.1) lib/rails/rack/logger.rb:24:in `call'
actionpack (5.0.1) lib/action_dispatch/middleware/request_id.rb:24:in `call'
rack (2.0.1) lib/rack/runtime.rb:22:in `call'
activesupport (5.0.1) lib/active_support/cache/strategy/local_cache_middleware.rb:28:in `call'
actionpack (5.0.1) lib/action_dispatch/middleware/executor.rb:12:in `call'
actionpack (5.0.1) lib/action_dispatch/middleware/static.rb:136:in `call'
rack (2.0.1) lib/rack/sendfile.rb:111:in `call'
railties (5.0.1) lib/rails/engine.rb:522:in `call'
puma (3.6.2) lib/puma/configuration.rb:225:in `call'
puma (3.6.2) lib/puma/server.rb:578:in `handle_request'
puma (3.6.2) lib/puma/server.rb:415:in `process_client'
puma (3.6.2) lib/puma/server.rb:275:in `block in run'
puma (3.6.2) lib/puma/thread_pool.rb:116:in `block in spawn_thread'
Started GET "/master/index" for 172.23.0.1 at 2017-01-29 02:36:39 +0000
  
ActionController::RoutingError (No route matches [GET] "/master/index"):
  
actionpack (5.0.1) lib/action_dispatch/middleware/debug_exceptions.rb:53:in `call'
actionpack (5.0.1) lib/action_dispatch/middleware/show_exceptions.rb:31:in `call'
railties (5.0.1) lib/rails/rack/logger.rb:36:in `call_app'
railties (5.0.1) lib/rails/rack/logger.rb:24:in `block in call'
activesupport (5.0.1) lib/active_support/tagged_logging.rb:69:in `block in tagged'
activesupport (5.0.1) lib/active_support/tagged_logging.rb:26:in `tagged'
activesupport (5.0.1) lib/active_support/tagged_logging.rb:69:in `tagged'
railties (5.0.1) lib/rails/rack/logger.rb:24:in `call'
actionpack (5.0.1) lib/action_dispatch/middleware/request_id.rb:24:in `call'
rack (2.0.1) lib/rack/runtime.rb:22:in `call'
activesupport (5.0.1) lib/active_support/cache/strategy/local_cache_middleware.rb:28:in `call'
actionpack (5.0.1) lib/action_dispatch/middleware/executor.rb:12:in `call'
actionpack (5.0.1) lib/action_dispatch/middleware/static.rb:136:in `call'
rack (2.0.1) lib/rack/sendfile.rb:111:in `call'
railties (5.0.1) lib/rails/engine.rb:522:in `call'
puma (3.6.2) lib/puma/configuration.rb:225:in `call'
puma (3.6.2) lib/puma/server.rb:578:in `handle_request'
puma (3.6.2) lib/puma/server.rb:415:in `process_client'
puma (3.6.2) lib/puma/server.rb:275:in `block in run'
puma (3.6.2) lib/puma/thread_pool.rb:116:in `block in spawn_thread'
Started GET "/masters/index" for 172.23.0.1 at 2017-01-29 02:36:39 +0000
  
ActionController::RoutingError (No route matches [GET] "/masters/index"):
  
actionpack (5.0.1) lib/action_dispatch/middleware/debug_exceptions.rb:53:in `call'
actionpack (5.0.1) lib/action_dispatch/middleware/show_exceptions.rb:31:in `call'
railties (5.0.1) lib/rails/rack/logger.rb:36:in `call_app'
railties (5.0.1) lib/rails/rack/logger.rb:24:in `block in call'
activesupport (5.0.1) lib/active_support/tagged_logging.rb:69:in `block in tagged'
activesupport (5.0.1) lib/active_support/tagged_logging.rb:26:in `tagged'
activesupport (5.0.1) lib/active_support/tagged_logging.rb:69:in `tagged'
railties (5.0.1) lib/rails/rack/logger.rb:24:in `call'
actionpack (5.0.1) lib/action_dispatch/middleware/request_id.rb:24:in `call'
rack (2.0.1) lib/rack/runtime.rb:22:in `call'
activesupport (5.0.1) lib/active_support/cache/strategy/local_cache_middleware.rb:28:in `call'
actionpack (5.0.1) lib/action_dispatch/middleware/executor.rb:12:in `call'
actionpack (5.0.1) lib/action_dispatch/middleware/static.rb:136:in `call'
rack (2.0.1) lib/rack/sendfile.rb:111:in `call'
railties (5.0.1) lib/rails/engine.rb:522:in `call'
puma (3.6.2) lib/puma/configuration.rb:225:in `call'
puma (3.6.2) lib/puma/server.rb:578:in `handle_request'
puma (3.6.2) lib/puma/server.rb:415:in `process_client'
puma (3.6.2) lib/puma/server.rb:275:in `block in run'
puma (3.6.2) lib/puma/thread_pool.rb:116:in `block in spawn_thread'
Started GET "/masters/index" for 172.23.0.1 at 2017-01-29 02:36:52 +0000
  
ActionController::RoutingError (No route matches [GET] "/masters/index"):
  
actionpack (5.0.1) lib/action_dispatch/middleware/debug_exceptions.rb:53:in `call'
actionpack (5.0.1) lib/action_dispatch/middleware/show_exceptions.rb:31:in `call'
railties (5.0.1) lib/rails/rack/logger.rb:36:in `call_app'
railties (5.0.1) lib/rails/rack/logger.rb:24:in `block in call'
activesupport (5.0.1) lib/active_support/tagged_logging.rb:69:in `block in tagged'
activesupport (5.0.1) lib/active_support/tagged_logging.rb:26:in `tagged'
activesupport (5.0.1) lib/active_support/tagged_logging.rb:69:in `tagged'
railties (5.0.1) lib/rails/rack/logger.rb:24:in `call'
actionpack (5.0.1) lib/action_dispatch/middleware/request_id.rb:24:in `call'
rack (2.0.1) lib/rack/runtime.rb:22:in `call'
activesupport (5.0.1) lib/active_support/cache/strategy/local_cache_middleware.rb:28:in `call'
actionpack (5.0.1) lib/action_dispatch/middleware/executor.rb:12:in `call'
actionpack (5.0.1) lib/action_dispatch/middleware/static.rb:136:in `call'
rack (2.0.1) lib/rack/sendfile.rb:111:in `call'
railties (5.0.1) lib/rails/engine.rb:522:in `call'
puma (3.6.2) lib/puma/configuration.rb:225:in `call'
puma (3.6.2) lib/puma/server.rb:578:in `handle_request'
puma (3.6.2) lib/puma/server.rb:415:in `process_client'
puma (3.6.2) lib/puma/server.rb:275:in `block in run'
puma (3.6.2) lib/puma/thread_pool.rb:116:in `block in spawn_thread'
Started GET "/masters" for 172.23.0.1 at 2017-01-29 02:38:09 +0000
  
ActionController::RoutingError (No route matches [GET] "/masters"):
  
actionpack (5.0.1) lib/action_dispatch/middleware/debug_exceptions.rb:53:in `call'
actionpack (5.0.1) lib/action_dispatch/middleware/show_exceptions.rb:31:in `call'
railties (5.0.1) lib/rails/rack/logger.rb:36:in `call_app'
railties (5.0.1) lib/rails/rack/logger.rb:24:in `block in call'
activesupport (5.0.1) lib/active_support/tagged_logging.rb:69:in `block in tagged'
activesupport (5.0.1) lib/active_support/tagged_logging.rb:26:in `tagged'
activesupport (5.0.1) lib/active_support/tagged_logging.rb:69:in `tagged'
railties (5.0.1) lib/rails/rack/logger.rb:24:in `call'
actionpack (5.0.1) lib/action_dispatch/middleware/request_id.rb:24:in `call'
rack (2.0.1) lib/rack/runtime.rb:22:in `call'
activesupport (5.0.1) lib/active_support/cache/strategy/local_cache_middleware.rb:28:in `call'
actionpack (5.0.1) lib/action_dispatch/middleware/executor.rb:12:in `call'
actionpack (5.0.1) lib/action_dispatch/middleware/static.rb:136:in `call'
rack (2.0.1) lib/rack/sendfile.rb:111:in `call'
railties (5.0.1) lib/rails/engine.rb:522:in `call'
puma (3.6.2) lib/puma/configuration.rb:225:in `call'
puma (3.6.2) lib/puma/server.rb:578:in `handle_request'
puma (3.6.2) lib/puma/server.rb:415:in `process_client'
puma (3.6.2) lib/puma/server.rb:275:in `block in run'
puma (3.6.2) lib/puma/thread_pool.rb:116:in `block in spawn_thread'
Started GET "/masters" for 172.23.0.1 at 2017-01-29 02:40:22 +0000
  
SyntaxError (/myapp/app/controllers/masters_controller.rb:5: syntax error, unexpected =>
    render json: => @masters
                   ^):
  
app/controllers/masters_controller.rb:5: syntax error, unexpected =>
Started GET "/masters" for 172.23.0.1 at 2017-01-29 02:40:35 +0000
  
SyntaxError (/myapp/app/controllers/masters_controller.rb:5: syntax error, unexpected =>
    render json: => personal
                   ^):
  
app/controllers/masters_controller.rb:5: syntax error, unexpected =>
Started GET "/masters" for 172.23.0.1 at 2017-01-29 02:40:49 +0000
  
SyntaxError (/myapp/app/controllers/masters_controller.rb:5: syntax error, unexpected =>
    render json: => personal
                   ^):
  
app/controllers/masters_controller.rb:5: syntax error, unexpected =>
Started GET "/masters" for 172.23.0.1 at 2017-01-29 02:56:08 +0000
Processing by MastersController#index as HTML
Completed 500 Internal Server Error in 19ms


  
NameError (uninitialized constant MastersController::Master):
  
app/controllers/masters_controller.rb:3:in `index'
Started GET "/masters" for 172.23.0.1 at 2017-01-29 02:56:40 +0000
Processing by MastersController#index as HTML
Completed 500 Internal Server Error in 15ms


  
NameError (uninitialized constant MastersController::Master):
  
app/controllers/masters_controller.rb:3:in `index'
Started GET "/masters" for 172.23.0.1 at 2017-01-29 02:56:58 +0000
Processing by MastersController#index as HTML
Completed 500 Internal Server Error in 25ms


  
NameError (uninitialized constant MastersController::Master):
  
app/controllers/masters_controller.rb:3:in `index'
Started GET "/masters" for 172.23.0.1 at 2017-01-29 02:57:47 +0000
Processing by MastersController#index as HTML
Completed 200 OK in 1ms (Views: 0.2ms)


Started GET "/masters" for 172.23.0.1 at 2017-01-29 03:52:51 +0000
Processing by MastersController#index as HTML
Completed 500 Internal Server Error in 13ms


  
NameError (uninitialized constant MastersController::Players):
  
app/controllers/masters_controller.rb:3:in `index'
Started GET "/masters" for 172.23.0.1 at 2017-01-29 03:53:19 +0000
Processing by MastersController#index as HTML
Completed 500 Internal Server Error in 20ms


  
NameError (uninitialized constant MastersController::Master):
  
app/controllers/masters_controller.rb:3:in `index'
Started GET "/masters" for 172.23.0.1 at 2017-01-29 03:53:35 +0000
Processing by MastersController#index as HTML
Completed 500 Internal Server Error in 27ms


  
NameError (uninitialized constant MastersController::Masters):
  
app/controllers/masters_controller.rb:3:in `index'
Started GET "/masters" for 172.23.0.1 at 2017-01-29 04:06:36 +0000
Processing by MastersController#index as HTML
Completed 500 Internal Server Error in 69ms


  
NameError (uninitialized constant MastersController::Masters):
  
app/controllers/masters_controller.rb:3:in `index'
Started GET "/" for 172.23.0.1 at 2017-01-29 04:06:39 +0000
Processing by Rails::WelcomeController#index as HTML
  Parameters: {"internal"=>true}
  Rendering /usr/local/bundle/gems/railties-5.0.1/lib/rails/templates/rails/welcome/index.html.erb
  Rendered /usr/local/bundle/gems/railties-5.0.1/lib/rails/templates/rails/welcome/index.html.erb (9.8ms)
Completed 200 OK in 37ms (Views: 34.5ms)


